<?xml version="1.0" encoding="UTF-8"?>
<!-- Generated by org.testng.reporters.JUnitReportReporter -->
<testsuite skipped="0" hostname="Lenovo-PC" name="Simple.Annot" tests="2" failures="0" timestamp="17 May 2019 07:21:45 GMT" time="0.018" errors="0">
  <testcase name="method2" time="0.006" classname="Simple.Annot"/>
  <testcase name="method3" time="0.012" classname="Simple.Annot"/>
</testsuite> <!-- Simple.Annot -->
