<?xml version="1.0" encoding="UTF-8"?>
<!-- Generated by org.testng.reporters.JUnitReportReporter -->
<testsuite skipped="0" hostname="Lenovo-PC" name="Simple.Param" tests="3" failures="0" timestamp="05 May 2019 04:46:47 GMT" time="22.069" errors="0">
  <testcase name="SearchByEmailId" time="0.011" classname="Simple.Param"/>
  <testcase name="lastname" time="0.149" classname="Simple.Param"/>
  <testcase name="SearchByName" time="21.909" classname="Simple.Param"/>
</testsuite> <!-- Simple.Param -->
